{
  "RSpec": {
    "coverage": {
      "/Users/laurengilliam/flatironphase0/tic-tac-toe-rb/lib/tic_tac_toe.rb": [
        1,
        1,
        null,
        4,
        null,
        7,
        null,
        null,
        null,
        null,
        1,
        null,
        10,
        10,
        10,
        null,
        10,
        9,
        9,
        null,
        1,
        null,
        null,
        null,
        null,
        1,
        null,
        null,
        null,
        null,
        null,
        null,
        null,
        null,
        null,
        null,
        1,
        13,
        86,
        86,
        86,
        null,
        86,
        7,
        null,
        null,
        6,
        null,
        null,
        1,
        1,
        null,
        null,
        null,
        1,
        2,
        20,
        5,
        null,
        null,
        2,
        null,
        null,
        1,
        11,
        11,
        11,
        11,
        11,
        null,
        null,
        1,
        13,
        null,
        null,
        1,
        12,
        null,
        null,
        1,
        101,
        null,
        null,
        1,
        13,
        null,
        null,
        1,
        9,
        54,
        50,
        null,
        4,
        null,
        null,
        null,
        null,
        1,
        8,
        null,
        null,
        1,
        6,
        null,
        null,
        1,
        3,
        2,
        2,
        null,
        null,
        null,
        null,
        null
      ]
    },
    "timestamp": 1643328485
  }
}
